<?xml version="1.0" encoding="UTF-8"?>
<testng-results skipped="0" failed="0" ignored="0" total="1" passed="1">
  <reporter-output>
  </reporter-output>
  <suite name="Suite" duration-ms="60" started-at="2023-03-14T10:55:58 UTC" finished-at="2023-03-14T10:55:58 UTC">
    <groups>
    </groups>
    <test name="Test" duration-ms="60" started-at="2023-03-14T10:55:58 UTC" finished-at="2023-03-14T10:55:58 UTC">
      <class name="com.practice.testngProject.ParametersDemo">
        <test-method status="PASS" signature="launchBrowser(java.lang.String)[pri:0, instance:com.practice.testngProject.ParametersDemo@11758f2a]" name="launchBrowser" duration-ms="9" started-at="2023-03-14T10:55:58 UTC" finished-at="2023-03-14T10:55:58 UTC">
          <params>
            <param index="0">
              <value>
                <![CDATA[Chrome]]>
              </value>
            </param>
          </params>
          <reporter-output>
          </reporter-output>
        </test-method> <!-- launchBrowser -->
      </class> <!-- com.practice.testngProject.ParametersDemo -->
    </test> <!-- Test -->
  </suite> <!-- Suite -->
</testng-results>
