<?xml version="1.0" encoding="UTF-8"?>
<!-- Generated by org.testng.reporters.JUnitXMLReporter -->
<testsuite hostname="ip-172-31-21-202" ignored="0" name="Default test" tests="6" failures="0" timestamp="2023-03-14T10:20:36 UTC" time="0.052" errors="0">
  <testcase name="testCase1" time="0.007" classname="com.practice.testngProject.Groupsdemo"/>
  <testcase name="testCase2" time="0.001" classname="com.practice.testngProject.Groupsdemo"/>
  <testcase name="testCase3" time="0.001" classname="com.practice.testngProject.Groupsdemo"/>
  <testcase name="testCase4" time="0.001" classname="com.practice.testngProject.Groupsdemo"/>
  <testcase name="testCase5" time="0.001" classname="com.practice.testngProject.Groupsdemo"/>
  <testcase name="testCase6" time="0.002" classname="com.practice.testngProject.Groupsdemo"/>
</testsuite> <!-- Default test -->
